Info: Nothing to build for Robot-4Wheel-Spark
Info: Nothing to build for Robot-4Wheel-Spark
Info: Nothing to build for Robot-6Wheel-Victor
Info: Nothing to build for Robot-4Wheel-Spark
Info: Nothing to build for Robot-6Wheel-Victor
11:06:43 **** Clean-only build of configuration Debug for project Robot-4Wheel-Spark ****
rm -rf src/Main.d src/Main.o FRCUserProgram 
Cannot run program "rm": Launching failed

Error: Program "rm" not found in PATH
PATH=[\usr\local\bin;C:/Program Files/Java/jre1.8.0_171/bin/server;C:/Program Files/Java/jre1.8.0_171/bin;C:/Program Files/Java/jre1.8.0_171/lib/amd64;C:\Program Files (x86)\Common Files\Oracle\Java\javapath;C:\ProgramData\Oracle\Java\javapath;C:\WINDOWS\system32;C:\WINDOWS;C:\WINDOWS\System32\Wbem;C:\WINDOWS\System32\WindowsPowerShell\v1.0\;C:\Program Files (x86)\Toshiba\Bluetooth Toshiba Stack\sys\;C:\Program Files (x86)\Toshiba\Bluetooth Toshiba Stack\sys\x64\;C:\frc\bin;C:\WINDOWS\System32\OpenSSH\;C:\Users\Roaring Robotics\AppData\Local\Microsoft\WindowsApps;C:\Users\Roaring Robotics\AppData\Local\GitHubDesktop\bin;%USERPROFILE%\AppData\Local\Microsoft\WindowsApps;;C:\Program Files\eclipse]

11:06:43 **** Clean-only build of configuration Debug for project Robot-4Wheel-Spark ****
11:06:43 **** Clean-only build of configuration Debug for project Robot-6Wheel-Victor ****
rm -rf src/Main.d src/Main.o FRCUserProgram 
Cannot run program "rm": Launching failed

Error: Program "rm" not found in PATH
PATH=[\usr\local\bin;C:/Program Files/Java/jre1.8.0_171/bin/server;C:/Program Files/Java/jre1.8.0_171/bin;C:/Program Files/Java/jre1.8.0_171/lib/amd64;C:\Program Files (x86)\Common Files\Oracle\Java\javapath;C:\ProgramData\Oracle\Java\javapath;C:\WINDOWS\system32;C:\WINDOWS;C:\WINDOWS\System32\Wbem;C:\WINDOWS\System32\WindowsPowerShell\v1.0\;C:\Program Files (x86)\Toshiba\Bluetooth Toshiba Stack\sys\;C:\Program Files (x86)\Toshiba\Bluetooth Toshiba Stack\sys\x64\;C:\frc\bin;C:\WINDOWS\System32\OpenSSH\;C:\Users\Roaring Robotics\AppData\Local\Microsoft\WindowsApps;C:\Users\Roaring Robotics\AppData\Local\GitHubDesktop\bin;%USERPROFILE%\AppData\Local\Microsoft\WindowsApps;;C:\Program Files\eclipse]

11:06:43 **** Clean-only build of configuration Debug for project Robot-6Wheel-Victor ****
11:06:45 **** Rebuild of configuration Debug for project Robot-4Wheel-Spark ****
Info: Internal Builder is used for build
arm-frc-linux-gnueabi-g++ -std=c++1y "-IC:\\Users\\Roaring Robotics/wpilib/cpp/current/include" "-IC:\\Users\\Roaring Robotics\\Documents\\GitHub\\Roaring-Robotics-O2C-\\cpp-workspace\\Robot-4Wheel-Spark\\src" "-IC:\\Users\\Roaring Robotics/wpilib/user/cpp/include" -O0 -Og -g3 -Wall -c -fmessage-length=0 -pthread -o "src\\Main.o" "..\\src\\Main.cpp" 
arm-frc-linux-gnueabi-g++ "-LC:\\Users\\Roaring Robotics/wpilib/user/cpp/lib" "-LC:\\Users\\Roaring Robotics/wpilib/cpp/current/reflib/linux/athena/shared" "-LC:\\Users\\Roaring Robotics/wpilib/common/current/lib/linux/athena/shared" -pthread -rdynamic -Wl,-rpath,/opt/GenICam_v3_0_NI/bin/Linux32_ARM,-rpath,/usr/local/frc/lib -o FRCUserProgram "src\\Main.o" -lCTRE_Phoenix -lCTRE_PhoenixCCI -lCTRE_Phoenix -lCTRE_PhoenixCCI -lwpi 
11:06:51 **** Rebuild of configuration Debug for project Robot-6Wheel-Victor ****
Info: Internal Builder is used for build
arm-frc-linux-gnueabi-g++ -std=c++1y "-IC:\\Users\\Roaring Robotics/wpilib/cpp/current/include" "-IC:\\Users\\Roaring Robotics\\Documents\\GitHub\\Roaring-Robotics-O2C-\\cpp-workspace\\Robot-6Wheel-Victor\\src" "-IC:\\Users\\Roaring Robotics/wpilib/user/cpp/include" -O0 -Og -g3 -Wall -c -fmessage-length=0 -pthread -o "src\\Main.o" "..\\src\\Main.cpp" 
arm-frc-linux-gnueabi-g++ "-LC:\\Users\\Roaring Robotics/wpilib/user/cpp/lib" "-LC:\\Users\\Roaring Robotics/wpilib/cpp/current/reflib/linux/athena/shared" "-LC:\\Users\\Roaring Robotics/wpilib/common/current/lib/linux/athena/shared" -pthread -rdynamic -Wl,-rpath,/opt/GenICam_v3_0_NI/bin/Linux32_ARM,-rpath,/usr/local/frc/lib -o FRCUserProgram "src\\Main.o" -lCTRE_Phoenix -lCTRE_PhoenixCCI -lCTRE_Phoenix -lCTRE_PhoenixCCI -lwpi 
11:07:09 **** Clean-only build of configuration Debug for project Robot-4Wheel-Spark ****
rm -rf src/Main.d src/Main.o FRCUserProgram 
Cannot run program "rm": Launching failed

Error: Program "rm" not found in PATH
PATH=[\usr\local\bin;C:/Program Files/Java/jre1.8.0_171/bin/server;C:/Program Files/Java/jre1.8.0_171/bin;C:/Program Files/Java/jre1.8.0_171/lib/amd64;C:\Program Files (x86)\Common Files\Oracle\Java\javapath;C:\ProgramData\Oracle\Java\javapath;C:\WINDOWS\system32;C:\WINDOWS;C:\WINDOWS\System32\Wbem;C:\WINDOWS\System32\WindowsPowerShell\v1.0\;C:\Program Files (x86)\Toshiba\Bluetooth Toshiba Stack\sys\;C:\Program Files (x86)\Toshiba\Bluetooth Toshiba Stack\sys\x64\;C:\frc\bin;C:\WINDOWS\System32\OpenSSH\;C:\Users\Roaring Robotics\AppData\Local\Microsoft\WindowsApps;C:\Users\Roaring Robotics\AppData\Local\GitHubDesktop\bin;%USERPROFILE%\AppData\Local\Microsoft\WindowsApps;;C:\Program Files\eclipse]

11:07:09 **** Clean-only build of configuration Debug for project Robot-4Wheel-Spark ****
11:07:09 **** Clean-only build of configuration Debug for project Robot-6Wheel-Victor ****
rm -rf src/Main.d src/Main.o FRCUserProgram 
Cannot run program "rm": Launching failed

Error: Program "rm" not found in PATH
PATH=[\usr\local\bin;C:/Program Files/Java/jre1.8.0_171/bin/server;C:/Program Files/Java/jre1.8.0_171/bin;C:/Program Files/Java/jre1.8.0_171/lib/amd64;C:\Program Files (x86)\Common Files\Oracle\Java\javapath;C:\ProgramData\Oracle\Java\javapath;C:\WINDOWS\system32;C:\WINDOWS;C:\WINDOWS\System32\Wbem;C:\WINDOWS\System32\WindowsPowerShell\v1.0\;C:\Program Files (x86)\Toshiba\Bluetooth Toshiba Stack\sys\;C:\Program Files (x86)\Toshiba\Bluetooth Toshiba Stack\sys\x64\;C:\frc\bin;C:\WINDOWS\System32\OpenSSH\;C:\Users\Roaring Robotics\AppData\Local\Microsoft\WindowsApps;C:\Users\Roaring Robotics\AppData\Local\GitHubDesktop\bin;%USERPROFILE%\AppData\Local\Microsoft\WindowsApps;;C:\Program Files\eclipse]

11:07:09 **** Clean-only build of configuration Debug for project Robot-6Wheel-Victor ****
11:07:14 **** Rebuild of configuration Debug for project Robot-4Wheel-Spark ****
Info: Internal Builder is used for build
arm-frc-linux-gnueabi-g++ -std=c++1y "-IC:\\Users\\Roaring Robotics/wpilib/cpp/current/include" "-IC:\\Users\\Roaring Robotics\\Documents\\GitHub\\Roaring-Robotics-O2C-\\cpp-workspace\\Robot-4Wheel-Spark\\src" "-IC:\\Users\\Roaring Robotics/wpilib/user/cpp/include" -O0 -Og -g3 -Wall -c -fmessage-length=0 -pthread -o "src\\Main.o" "..\\src\\Main.cpp" 
In file included from ..\src\ModuleLoader.h:14:0,
                 from ..\src\Robot.h:258,
                 from ..\src\Main.cpp:14:
..\src\modules/DriveTrain.h:16:1: error: 'lkn' does not name a type
 lkn
 ^
..\src\modules/DriveTrain.h: In member function 'virtual void DriveTrain::ModeChange()':
..\src\modules/DriveTrain.h:155:3: error: 'autoIx' is not a member of 'DriveTrainPrivate'
   DriveTrainPrivate::autoIx = 0;
   ^
..\src\modules/DriveTrain.h:156:3: error: 'lAuto' is not a member of 'DriveTrainPrivate'
   DriveTrainPrivate::lAuto = false;
   ^
..\src\modules/DriveTrain.h: In member function 'virtual void DriveTrain::Autonomous()':
..\src\modules/DriveTrain.h:161:7: error: 'lAuto' is not a member of 'DriveTrainPrivate'
   if(!DriveTrainPrivate::lAuto){
       ^
..\src\modules/DriveTrain.h:162:4: error: 't' is not a member of 'DriveTrainPrivate'
    DriveTrainPrivate::t.Reset();
    ^
..\src\modules/DriveTrain.h:163:4: error: 't' is not a member of 'DriveTrainPrivate'
    DriveTrainPrivate::t.Start();
    ^
..\src\modules/DriveTrain.h:164:4: error: 'lAuto' is not a member of 'DriveTrainPrivate'
    DriveTrainPrivate::lAuto = true;
    ^
..\src\modules/DriveTrain.h:180:4: error: 'cubeGrabbed' is not a member of 'DriveTrainPrivate'
    DriveTrainPrivate::cubeGrabbed = hw::cs->Get();
    ^
..\src\modules/DriveTrain.h:186:7: error: 't' is not a member of 'DriveTrainPrivate'
    if(DriveTrainPrivate::t.Get() < 3.0){
       ^
..\src\modules/DriveTrain.h:188:5: error: 'dirMov' is not a member of 'DriveTrainPrivate'
     DriveTrainPrivate::dirMov += CameraData::offset;
     ^
..\src\modules/DriveTrain.h:191:8: error: 't' is not a member of 'DriveTrainPrivate'
     if(DriveTrainPrivate::t.Get() < 4.0){
        ^
..\src\modules/DriveTrain.h:195:8: error: 't' is not a member of 'DriveTrainPrivate'
     if(DriveTrainPrivate::t.Get() < 5.5){
        ^
..\src\modules/DriveTrain.h:201:57: error: 'dirMov' is not a member of 'DriveTrainPrivate'
        hw::rd->DriveCartesian(0.0, 0.0, L_TURN_SPEED * -DriveTrainPrivate::dirMov);
                                                         ^
..\src\modules/DriveTrain.h:208:57: error: 'dirMov' is not a member of 'DriveTrainPrivate'
        hw::rd->DriveCartesian(0.0, 0.0, L_TURN_SPEED * -DriveTrainPrivate::dirMov);
                                                         ^
11:07:18 **** Rebuild of configuration Debug for project Robot-6Wheel-Victor ****
Info: Internal Builder is used for build
arm-frc-linux-gnueabi-g++ -std=c++1y "-IC:\\Users\\Roaring Robotics/wpilib/cpp/current/include" "-IC:\\Users\\Roaring Robotics\\Documents\\GitHub\\Roaring-Robotics-O2C-\\cpp-workspace\\Robot-6Wheel-Victor\\src" "-IC:\\Users\\Roaring Robotics/wpilib/user/cpp/include" -O0 -Og -g3 -Wall -c -fmessage-length=0 -pthread -o "src\\Main.o" "..\\src\\Main.cpp" 
arm-frc-linux-gnueabi-g++ "-LC:\\Users\\Roaring Robotics/wpilib/user/cpp/lib" "-LC:\\Users\\Roaring Robotics/wpilib/cpp/current/reflib/linux/athena/shared" "-LC:\\Users\\Roaring Robotics/wpilib/common/current/lib/linux/athena/shared" -pthread -rdynamic -Wl,-rpath,/opt/GenICam_v3_0_NI/bin/Linux32_ARM,-rpath,/usr/local/frc/lib -o FRCUserProgram "src\\Main.o" -lCTRE_Phoenix -lCTRE_PhoenixCCI -lCTRE_Phoenix -lCTRE_PhoenixCCI -lwpi 
11:07:41 **** Clean-only build of configuration Debug for project Robot-4Wheel-Spark ****
rm -rf src/Main.d src/Main.o FRCUserProgram 
Cannot run program "rm": Launching failed

Error: Program "rm" not found in PATH
PATH=[\usr\local\bin;C:/Program Files/Java/jre1.8.0_171/bin/server;C:/Program Files/Java/jre1.8.0_171/bin;C:/Program Files/Java/jre1.8.0_171/lib/amd64;C:\Program Files (x86)\Common Files\Oracle\Java\javapath;C:\ProgramData\Oracle\Java\javapath;C:\WINDOWS\system32;C:\WINDOWS;C:\WINDOWS\System32\Wbem;C:\WINDOWS\System32\WindowsPowerShell\v1.0\;C:\Program Files (x86)\Toshiba\Bluetooth Toshiba Stack\sys\;C:\Program Files (x86)\Toshiba\Bluetooth Toshiba Stack\sys\x64\;C:\frc\bin;C:\WINDOWS\System32\OpenSSH\;C:\Users\Roaring Robotics\AppData\Local\Microsoft\WindowsApps;C:\Users\Roaring Robotics\AppData\Local\GitHubDesktop\bin;%USERPROFILE%\AppData\Local\Microsoft\WindowsApps;;C:\Program Files\eclipse]

11:07:41 **** Clean-only build of configuration Debug for project Robot-4Wheel-Spark ****
11:07:41 **** Clean-only build of configuration Debug for project Robot-6Wheel-Victor ****
rm -rf src/Main.d src/Main.o FRCUserProgram 
Cannot run program "rm": Launching failed

Error: Program "rm" not found in PATH
PATH=[\usr\local\bin;C:/Program Files/Java/jre1.8.0_171/bin/server;C:/Program Files/Java/jre1.8.0_171/bin;C:/Program Files/Java/jre1.8.0_171/lib/amd64;C:\Program Files (x86)\Common Files\Oracle\Java\javapath;C:\ProgramData\Oracle\Java\javapath;C:\WINDOWS\system32;C:\WINDOWS;C:\WINDOWS\System32\Wbem;C:\WINDOWS\System32\WindowsPowerShell\v1.0\;C:\Program Files (x86)\Toshiba\Bluetooth Toshiba Stack\sys\;C:\Program Files (x86)\Toshiba\Bluetooth Toshiba Stack\sys\x64\;C:\frc\bin;C:\WINDOWS\System32\OpenSSH\;C:\Users\Roaring Robotics\AppData\Local\Microsoft\WindowsApps;C:\Users\Roaring Robotics\AppData\Local\GitHubDesktop\bin;%USERPROFILE%\AppData\Local\Microsoft\WindowsApps;;C:\Program Files\eclipse]

11:07:42 **** Clean-only build of configuration Debug for project Robot-6Wheel-Victor ****
11:07:48 **** Rebuild of configuration Debug for project Robot-4Wheel-Spark ****
Info: Internal Builder is used for build
arm-frc-linux-gnueabi-g++ -std=c++1y "-IC:\\Users\\Roaring Robotics/wpilib/cpp/current/include" "-IC:\\Users\\Roaring Robotics\\Documents\\GitHub\\Roaring-Robotics-O2C-\\cpp-workspace\\Robot-4Wheel-Spark\\src" "-IC:\\Users\\Roaring Robotics/wpilib/user/cpp/include" -O0 -Og -g3 -Wall -c -fmessage-length=0 -pthread -o "src\\Main.o" "..\\src\\Main.cpp" 
arm-frc-linux-gnueabi-g++ "-LC:\\Users\\Roaring Robotics/wpilib/user/cpp/lib" "-LC:\\Users\\Roaring Robotics/wpilib/cpp/current/reflib/linux/athena/shared" "-LC:\\Users\\Roaring Robotics/wpilib/common/current/lib/linux/athena/shared" -pthread -rdynamic -Wl,-rpath,/opt/GenICam_v3_0_NI/bin/Linux32_ARM,-rpath,/usr/local/frc/lib -o FRCUserProgram "src\\Main.o" -lCTRE_Phoenix -lCTRE_PhoenixCCI -lCTRE_Phoenix -lCTRE_PhoenixCCI -lwpi 
Info: Nothing to build for Robot-4Wheel-Spark
11:07:58 **** Rebuild of configuration Debug for project Robot-6Wheel-Victor ****
Info: Internal Builder is used for build
arm-frc-linux-gnueabi-g++ -std=c++1y "-IC:\\Users\\Roaring Robotics/wpilib/cpp/current/include" "-IC:\\Users\\Roaring Robotics\\Documents\\GitHub\\Roaring-Robotics-O2C-\\cpp-workspace\\Robot-6Wheel-Victor\\src" "-IC:\\Users\\Roaring Robotics/wpilib/user/cpp/include" -O0 -Og -g3 -Wall -c -fmessage-length=0 -pthread -o "src\\Main.o" "..\\src\\Main.cpp" 
arm-frc-linux-gnueabi-g++ "-LC:\\Users\\Roaring Robotics/wpilib/user/cpp/lib" "-LC:\\Users\\Roaring Robotics/wpilib/cpp/current/reflib/linux/athena/shared" "-LC:\\Users\\Roaring Robotics/wpilib/common/current/lib/linux/athena/shared" -pthread -rdynamic -Wl,-rpath,/opt/GenICam_v3_0_NI/bin/Linux32_ARM,-rpath,/usr/local/frc/lib -o FRCUserProgram "src\\Main.o" -lCTRE_Phoenix -lCTRE_PhoenixCCI -lCTRE_Phoenix -lCTRE_PhoenixCCI -lwpi 
